
> srushti-publication@0.1.0 dev
> next dev

▲ Next.js 16.1.3 (Turbopack)
- Local:         http://localhost:3000
- Network:       http://192.168.0.2:3000
- Experiments (use with caution):
  · optimizePackageImports

✓ Starting...
Attention: Next.js now collects completely anonymous telemetry regarding usage.
This information is used to shape Next.js' roadmap and prioritize features.
You can learn more, including how to opt-out if you'd not like to participate in this anonymous program, by visiting the following URL:
https://nextjs.org/telemetry

⚠ The "middleware" file convention is deprecated. Please use "proxy" instead. Learn more: https://nextjs.org/docs/messages/middleware-to-proxy
✓ Ready in 1963ms
○ Compiling /footer-verify ...
 GET /footer-verify 200 in 9.2s (compile: 8.2s, proxy.ts: 110ms, render: 902ms)
⨯ Error: Failed to load external module @prisma/client-2c3a283f134fdcb6: Error: Cannot find module '.prisma/client/default'
Require stack:
- /app/node_modules/@prisma/client/default.js
- /app/.next/dev/server/chunks/[root-of-the-server]__9543ba1c._.js
- /app/.next/dev/server/chunks/[turbopack]_runtime.js
- /app/.next/dev/server/app/api/auth/me/route.js
- /app/node_modules/next/dist/server/require.js
- /app/node_modules/next/dist/server/load-components.js
- /app/node_modules/next/dist/build/utils.js
- /app/node_modules/next/dist/build/swc/options.js
- /app/node_modules/next/dist/build/swc/index.js
- /app/node_modules/next/dist/build/next-config-ts/transpile-config.js
- /app/node_modules/next/dist/server/config.js
- /app/node_modules/next/dist/server/next.js
- /app/node_modules/next/dist/server/lib/start-server.js
    at <unknown> (src/lib/prisma.ts:1:1)
    at module evaluation (.next/dev/server/chunks/[root-of-the-server]__dd93668a._.js:41:30)
    at <unknown> (src/app/api/auth/me/route.ts:2:1)
    at module evaluation (.next/dev/server/chunks/[root-of-the-server]__dd93668a._.js:336:30)
    at Object.<anonymous> (.next/dev/server/app/api/auth/me/route.js:5:3)
> 1 | import { PrismaClient } from "@prisma/client";
    | ^
  2 | import { PrismaPg } from "@prisma/adapter-pg";
  3 | import { Pool } from "pg";
  4 | {
  page: '/api/auth/me'
}
○ Compiling /api/auth/me ...
⨯ Error: Failed to load external module @prisma/client-2c3a283f134fdcb6: Error: Cannot find module '.prisma/client/default'
Require stack:
- /app/node_modules/@prisma/client/default.js
- /app/.next/dev/server/chunks/ssr/[root-of-the-server]__aab279cf._.js
- /app/.next/dev/server/chunks/ssr/[turbopack]_runtime.js
- /app/.next/dev/server/app/footer-verify/page.js
- /app/node_modules/next/dist/server/require.js
- /app/node_modules/next/dist/server/load-components.js
- /app/node_modules/next/dist/build/utils.js
- /app/node_modules/next/dist/build/swc/options.js
- /app/node_modules/next/dist/build/swc/index.js
- /app/node_modules/next/dist/build/next-config-ts/transpile-config.js
- /app/node_modules/next/dist/server/config.js
- /app/node_modules/next/dist/server/next.js
- /app/node_modules/next/dist/server/lib/start-server.js
    at module evaluation (.next/dev/server/chunks/ssr/[root-of-the-server]__aab279cf._.js:3021:35)
    at <unknown> (src/lib/prisma.ts:1:1)
    at module evaluation (.next/dev/server/chunks/ssr/[root-of-the-server]__5356ab12._.js:139:30)
    at <unknown> (src/app/categories/page.tsx:6:1)
    at module evaluation (.next/dev/server/chunks/ssr/[root-of-the-server]__5356ab12._.js:243:30)
    at module evaluation (.next/dev/server/chunks/ssr/[root-of-the-server]__5356ab12._.js:669:47)
> 1 | import { PrismaClient } from "@prisma/client";
    | ^
  2 | import { PrismaPg } from "@prisma/adapter-pg";
  3 | import { Pool } from "pg";
  4 |
⨯ Error: Failed to load external module @prisma/client-2c3a283f134fdcb6: Error: Cannot find module '.prisma/client/default'
Require stack:
- /app/node_modules/@prisma/client/default.js
- /app/.next/dev/server/chunks/ssr/[root-of-the-server]__aab279cf._.js
- /app/.next/dev/server/chunks/ssr/[turbopack]_runtime.js
- /app/.next/dev/server/app/footer-verify/page.js
- /app/node_modules/next/dist/server/require.js
- /app/node_modules/next/dist/server/load-components.js
- /app/node_modules/next/dist/build/utils.js
- /app/node_modules/next/dist/build/swc/options.js
- /app/node_modules/next/dist/build/swc/index.js
- /app/node_modules/next/dist/build/next-config-ts/transpile-config.js
- /app/node_modules/next/dist/server/config.js
- /app/node_modules/next/dist/server/next.js
- /app/node_modules/next/dist/server/lib/start-server.js
    at module evaluation (.next/dev/server/chunks/ssr/[root-of-the-server]__aab279cf._.js:3021:35)
    at <unknown> (src/lib/prisma.ts:1:1)
    at module evaluation (.next/dev/server/chunks/ssr/[root-of-the-server]__5356ab12._.js:139:30)
    at <unknown> (src/app/categories/page.tsx:6:1)
    at module evaluation (.next/dev/server/chunks/ssr/[root-of-the-server]__5356ab12._.js:243:30)
    at module evaluation (.next/dev/server/chunks/ssr/[root-of-the-server]__5356ab12._.js:669:47)
> 1 | import { PrismaClient } from "@prisma/client";
    | ^
  2 | import { PrismaPg } from "@prisma/adapter-pg";
  3 | import { Pool } from "pg";
  4 | {
  page: '/categories'
}
⨯ Error: Failed to load external module @prisma/client-2c3a283f134fdcb6: Error: Cannot find module '.prisma/client/default'
Require stack:
- /app/node_modules/@prisma/client/default.js
- /app/.next/dev/server/chunks/ssr/[root-of-the-server]__aab279cf._.js
- /app/.next/dev/server/chunks/ssr/[turbopack]_runtime.js
- /app/.next/dev/server/app/footer-verify/page.js
- /app/node_modules/next/dist/server/require.js
- /app/node_modules/next/dist/server/load-components.js
- /app/node_modules/next/dist/build/utils.js
- /app/node_modules/next/dist/build/swc/options.js
- /app/node_modules/next/dist/build/swc/index.js
- /app/node_modules/next/dist/build/next-config-ts/transpile-config.js
- /app/node_modules/next/dist/server/config.js
- /app/node_modules/next/dist/server/next.js
- /app/node_modules/next/dist/server/lib/start-server.js
    at module evaluation (.next/dev/server/chunks/ssr/[root-of-the-server]__aab279cf._.js:3021:35)
    at <unknown> (src/lib/prisma.ts:1:1)
    at module evaluation (.next/dev/server/chunks/ssr/[root-of-the-server]__5356ab12._.js:139:30)
    at <unknown> (src/app/categories/page.tsx:6:1)
    at module evaluation (.next/dev/server/chunks/ssr/[root-of-the-server]__5356ab12._.js:243:30)
    at module evaluation (.next/dev/server/chunks/ssr/[root-of-the-server]__5356ab12._.js:669:47)
> 1 | import { PrismaClient } from "@prisma/client";
    | ^
  2 | import { PrismaPg } from "@prisma/adapter-pg";
  3 | import { Pool } from "pg";
  4 | {
  page: '/categories'
}
⨯ Error: Failed to load external module @prisma/client-2c3a283f134fdcb6: Error: Cannot find module '.prisma/client/default'
Require stack:
- /app/node_modules/@prisma/client/default.js
- /app/.next/dev/server/chunks/ssr/[root-of-the-server]__aab279cf._.js
- /app/.next/dev/server/chunks/ssr/[turbopack]_runtime.js
- /app/.next/dev/server/app/footer-verify/page.js
- /app/node_modules/next/dist/server/require.js
- /app/node_modules/next/dist/server/load-components.js
- /app/node_modules/next/dist/build/utils.js
- /app/node_modules/next/dist/build/swc/options.js
- /app/node_modules/next/dist/build/swc/index.js
- /app/node_modules/next/dist/build/next-config-ts/transpile-config.js
- /app/node_modules/next/dist/server/config.js
- /app/node_modules/next/dist/server/next.js
- /app/node_modules/next/dist/server/lib/start-server.js
    at module evaluation (.next/dev/server/chunks/ssr/[root-of-the-server]__aab279cf._.js:3021:35)
    at <unknown> (src/lib/prisma.ts:1:1)
    at module evaluation (.next/dev/server/chunks/ssr/[root-of-the-server]__5356ab12._.js:139:30)
    at <unknown> (src/app/categories/page.tsx:6:1)
    at module evaluation (.next/dev/server/chunks/ssr/[root-of-the-server]__5356ab12._.js:243:30)
    at module evaluation (.next/dev/server/chunks/ssr/[root-of-the-server]__5356ab12._.js:669:47)
> 1 | import { PrismaClient } from "@prisma/client";
    | ^
  2 | import { PrismaPg } from "@prisma/adapter-pg";
  3 | import { Pool } from "pg";
  4 | {
  page: '/'
}
✓ Compiled in 162ms
[?25h
