
> srushti-publication@0.1.0 dev
> next dev

▲ Next.js 16.1.3 (Turbopack)
- Local:         http://localhost:3000
- Network:       http://192.168.0.2:3000
- Experiments (use with caution):
  · optimizePackageImports

✓ Starting...
Attention: Next.js now collects completely anonymous telemetry regarding usage.
This information is used to shape Next.js' roadmap and prioritize features.
You can learn more, including how to opt-out if you'd not like to participate in this anonymous program, by visiting the following URL:
https://nextjs.org/telemetry

⚠ The "middleware" file convention is deprecated. Please use "proxy" instead. Learn more: https://nextjs.org/docs/messages/middleware-to-proxy
✓ Ready in 1644ms
○ Compiling /books/[slug] ...
 GET /books/some-book 200 in 15.0s (compile: 13.9s, proxy.ts: 212ms, render: 934ms)
 GET /books 200 in 2.4s (compile: 2.3s, proxy.ts: 16ms, render: 58ms)
 GET /books/book1.jpg 200 in 427ms (compile: 62ms, render: 365ms)
 GET /books/book2.jpg 200 in 438ms (compile: 91ms, render: 348ms)
 GET /books/book3.jpg 200 in 467ms (compile: 118ms, render: 349ms)
⨯ The requested resource isn't a valid image for /books/book2.jpg received null
⨯ The requested resource isn't a valid image for /books/book3.jpg received null
⨯ The requested resource isn't a valid image for /books/book1.jpg received null
 GET /books/book4.jpg 200 in 324ms (compile: 24ms, render: 300ms)
⨯ The requested resource isn't a valid image for /books/book4.jpg received null
 GET /books 200 in 400ms (compile: 10ms, proxy.ts: 12ms, render: 379ms)
 GET /books/book1.jpg 200 in 498ms (compile: 39ms, render: 459ms)
 GET /books/book2.jpg 200 in 513ms (compile: 99ms, render: 414ms)
 GET /books/book3.jpg 200 in 520ms (compile: 135ms, render: 385ms)
⨯ The requested resource isn't a valid image for /books/book1.jpg received null
⨯ The requested resource isn't a valid image for /books/book2.jpg received null
 GET /books/book4.jpg 200 in 534ms (compile: 207ms, render: 327ms)
⨯ The requested resource isn't a valid image for /books/book3.jpg received null
⨯ The requested resource isn't a valid image for /books/book4.jpg received null
 GET /books/malegalli-madhumagalu 200 in 262ms (compile: 39ms, proxy.ts: 6ms, render: 217ms)
